[35m[Appium][39m Welcome to Appium v1.22.3
[35m[Appium][39m Non-default server args:
[35m[Appium][39m   port: 54858
[35m[Appium][39m   loglevel: info
[35m[Appium][39m   tmpDir: C:\Users\mtauf\AppData\Local\Temp\\Katalon\Appium\Temp1666366685032
[35m[Appium][39m   chromedriverPort: 54859
[35m[Appium][39m Deprecated server args:
[35m[Appium][39m   [31m--chromedriver-port[39m => --default-capabilities
[35m[Appium][39m Default capabilities, which will be added to each request unless overridden by desired capabilities:
[35m[Appium][39m   chromedriverPort: 54859
[35m[Appium][39m Appium REST http interface listener started on 0.0.0.0:54858
[35m[HTTP][39m [37m-->[39m [37mGET[39m [37m/wd/hub/status[39m
[35m[HTTP][39m [90m{}[39m
[35m[HTTP][39m [37m<-- GET /wd/hub/status [39m[32m200[39m [90m13 ms - 68[39m
[35m[HTTP][39m [90m[39m
[35m[HTTP][39m [37m-->[39m [37mGET[39m [37m/wd/hub/status[39m
[35m[HTTP][39m [90m{}[39m
[35m[HTTP][39m [37m<-- GET /wd/hub/status [39m[32m200[39m [90m3 ms - 68[39m
[35m[HTTP][39m [90m[39m
[35m[HTTP][39m [37m-->[39m [37mPOST[39m [37m/wd/hub/session[39m
[35m[HTTP][39m [90m{"desiredCapabilities":{"app":"C:\\Users\\mtauf\\Katalon Studio\\tugas eduwork\\app\\ShopSamsung.apk","noReset":true,"deviceName":"emulator-5554 (sdk_gphone_x86 - Android 11)","fullReset":false,"platform":"ANDROID","newCommandTimeout":1800,"platformVersion":"11","automationName":"uiautomator2","autoGrantPermissions":true,"platformName":"Android","udid":"emulator-5554","systemPort":54868},"capabilities":{"firstMatch":[{"appium:app":"C:\\Users\\mtauf\\Katalon Studio\\tugas eduwork\\app\\ShopSamsung.apk","appium:autoGrantPermissions":true,"appium:automationName":"uiautomator2","appium:deviceName":"emulator-5554 (sdk_gphone_x86 - Android 11)","appium:fullReset":false,"appium:newCommandTimeout":1800,"appium:noReset":true,"platform":"ANDROID","platformName":"android","appium:platformVersion":"11","appium:systemPort":54868,"appium:udid":"emulator-5554"}]}}[39m
[35m[BaseDriver][39m The following capabilities are not standard capabilities and should have an extension prefix:
[35m[BaseDriver][39m   platform
[35m[BaseDriver][39m   chromedriverPort
[35m[Appium][39m Appium v1.22.3 creating new AndroidUiautomator2Driver (v1.70.1) session
[35m[BaseDriver][39m The following capabilities were provided, but are not recognized by Appium:
[35m[BaseDriver][39m   platform
[35m[BaseDriver][39m Session created with session id: f2938ef6-8720-4efc-9819-c02c8730bfe9
[35m[BaseDriver][39m Using local app 'C:\Users\mtauf\Katalon Studio\tugas eduwork\app\ShopSamsung.apk'
[35m[ADB][39m Found 1 'build-tools' folders under 'C:\Users\mtauf\.katalon\tools\android_sdk' (newest first):
[35m[ADB][39m     C:/Users/mtauf/.katalon/tools/android_sdk/build-tools/29.0.3
[35m[ADB][39m Using 'adb.exe' from 'C:\Users\mtauf\.katalon\tools\android_sdk\platform-tools\adb.exe'
[35m[AndroidDriver][39m Retrieving device list
[35m[AndroidDriver][39m Using device: emulator-5554
[35m[ADB][39m Using 'adb.exe' from 'C:\Users\mtauf\.katalon\tools\android_sdk\platform-tools\adb.exe'
[35m[ADB][39m Getting device platform version
[35m[UiAutomator2][39m Relaxing hidden api policy
[35m[ADB][39m Package name: 'com.samsung.ecomm'
[35m[ADB][39m Main activity name: 'com.samsung.ecomm.MainActivity'
[35m[ADB][39m Using 'apksigner.jar' from 'C:\Users\mtauf\.katalon\tools\android_sdk\build-tools\29.0.3\lib\apksigner.jar'
[35m[ADB][39m 'C:\Users\mtauf\AppData\Roaming\npm\node_modules\appium\node_modules\appium-uiautomator2-server\apks\appium-uiautomator2-server-v4.27.0.apk' is signed with the default certificate
[35m[ADB][39m 'C:\Users\mtauf\AppData\Roaming\npm\node_modules\appium\node_modules\appium-uiautomator2-server\apks\appium-uiautomator2-server-debug-androidTest.apk' is signed with the default certificate
[35m[UiAutomator2][39m Server packages are not going to be (re)installed
[35m[ADB][39m Adding packages ["io.appium.settings","io.appium.uiautomator2.server","io.appium.uiautomator2.server.test"] to Doze whitelist
[35m[ADB][39m 'C:\Users\mtauf\Katalon Studio\tugas eduwork\app\ShopSamsung.apk' is signed with a non-default certificate
[35m[ADB][39m The application at 'C:\Users\mtauf\Katalon Studio\tugas eduwork\app\ShopSamsung.apk' will not be cached, because the device under test has confirmed the support of streamed installs
[35m[ADB][39m The installation of 'ShopSamsung.apk' took 9839ms
[35m[UiAutomator2][39m Starting UIAutomator2 server 4.27.0
[35m[UiAutomator2][39m Using UIAutomator2 server from 'C:\Users\mtauf\AppData\Roaming\npm\node_modules\appium\node_modules\appium-uiautomator2-server\apks\appium-uiautomator2-server-v4.27.0.apk' and test from 'C:\Users\mtauf\AppData\Roaming\npm\node_modules\appium\node_modules\appium-uiautomator2-server\apks\appium-uiautomator2-server-debug-androidTest.apk'
[35m[UiAutomator2][39m Waiting up to 30000ms for UiAutomator2 to be online...
[35m[WD Proxy][39m socket hang up
[35m[WD Proxy][39m socket hang up
[35m[WD Proxy][39m socket hang up
[35m[WD Proxy][39m Determined the downstream protocol as 'W3C'
[35m[AndroidDriver][39m Screen already unlocked, doing nothing
[35m[UiAutomator2][39m Starting 'com.samsung.ecomm/com.samsung.ecomm.MainActivity and waiting for 'com.samsung.ecomm/com.samsung.ecomm.MainActivity'
[35m[Appium][39m New AndroidUiautomator2Driver session created successfully, session f2938ef6-8720-4efc-9819-c02c8730bfe9 added to master session list
[35m[HTTP][39m [37m<-- POST /wd/hub/session [39m[32m200[39m [90m33313 ms - 1318[39m
[35m[HTTP][39m [90m[39m
[35m[HTTP][39m [37m-->[39m [37mGET[39m [37m/wd/hub/session/f2938ef6-8720-4efc-9819-c02c8730bfe9[39m
[35m[HTTP][39m [90m{}[39m
[35m[HTTP][39m [37m<-- GET /wd/hub/session/f2938ef6-8720-4efc-9819-c02c8730bfe9 [39m[32m200[39m [90m18 ms - 1272[39m
[35m[HTTP][39m [90m[39m
[35m[HTTP][39m [37m-->[39m [37mGET[39m [37m/wd/hub/session/f2938ef6-8720-4efc-9819-c02c8730bfe9[39m
[35m[HTTP][39m [90m{}[39m
[35m[HTTP][39m [37m<-- GET /wd/hub/session/f2938ef6-8720-4efc-9819-c02c8730bfe9 [39m[32m200[39m [90m12 ms - 1272[39m
[35m[HTTP][39m [90m[39m
[35m[HTTP][39m [37m-->[39m [37mGET[39m [37m/wd/hub/status[39m
[35m[HTTP][39m [90m{}[39m
[35m[HTTP][39m [37m<-- GET /wd/hub/status [39m[32m200[39m [90m2 ms - 68[39m
[35m[HTTP][39m [90m[39m
[35m[HTTP][39m [37m-->[39m [37mPOST[39m [37m/wd/hub/session/f2938ef6-8720-4efc-9819-c02c8730bfe9/timeouts[39m
[35m[HTTP][39m [90m{"implicit":60000}[39m
[35m[HTTP][39m [37m<-- POST /wd/hub/session/f2938ef6-8720-4efc-9819-c02c8730bfe9/timeouts [39m[32m200[39m [90m7 ms - 14[39m
[35m[HTTP][39m [90m[39m
[35m[HTTP][39m [37m-->[39m [37mGET[39m [37m/wd/hub/session/f2938ef6-8720-4efc-9819-c02c8730bfe9/source[39m
[35m[HTTP][39m [90m{}[39m
[35m[W3C (f2938ef6)][39m Driver proxy active, passing request on via HTTP proxy
[35m[WD Proxy][39m Replacing sessionId b078df5b-cff7-4c24-9b7b-a585b2f9cfa5 with f2938ef6-8720-4efc-9819-c02c8730bfe9
[35m[HTTP][39m [37m<-- GET /wd/hub/session/f2938ef6-8720-4efc-9819-c02c8730bfe9/source [39m[32m200[39m [90m293 ms - 25055[39m
[35m[HTTP][39m [90m[39m
[35m[HTTP][39m [37m-->[39m [37mGET[39m [37m/wd/hub/session/f2938ef6-8720-4efc-9819-c02c8730bfe9/screenshot[39m
[35m[HTTP][39m [90m{}[39m
[35m[HTTP][39m [37m<-- GET /wd/hub/session/f2938ef6-8720-4efc-9819-c02c8730bfe9/screenshot [39m[32m200[39m [90m1028 ms - 548036[39m
[35m[HTTP][39m [90m[39m
[35m[HTTP][39m [37m-->[39m [37mGET[39m [37m/wd/hub/session/f2938ef6-8720-4efc-9819-c02c8730bfe9/source[39m
[35m[HTTP][39m [90m{}[39m
[35m[W3C (f2938ef6)][39m Driver proxy active, passing request on via HTTP proxy
[35m[WD Proxy][39m Replacing sessionId b078df5b-cff7-4c24-9b7b-a585b2f9cfa5 with f2938ef6-8720-4efc-9819-c02c8730bfe9
[35m[HTTP][39m [37m<-- GET /wd/hub/session/f2938ef6-8720-4efc-9819-c02c8730bfe9/source [39m[32m200[39m [90m511 ms - 18122[39m
[35m[HTTP][39m [90m[39m
[35m[HTTP][39m [37m-->[39m [37mGET[39m [37m/wd/hub/session/f2938ef6-8720-4efc-9819-c02c8730bfe9/screenshot[39m
[35m[HTTP][39m [90m{}[39m
[35m[HTTP][39m [37m<-- GET /wd/hub/session/f2938ef6-8720-4efc-9819-c02c8730bfe9/screenshot [39m[32m200[39m [90m775 ms - 687620[39m
[35m[HTTP][39m [90m[39m
[35m[HTTP][39m [37m-->[39m [37mPOST[39m [37m/wd/hub/session/f2938ef6-8720-4efc-9819-c02c8730bfe9/elements[39m
[35m[HTTP][39m [90m{"using":"xpath","value":"//*[@class = 'android.widget.TextView' and (@text = 'SHOP' or . = 'SHOP')]"}[39m
[35m[HTTP][39m [37m<-- POST /wd/hub/session/f2938ef6-8720-4efc-9819-c02c8730bfe9/elements [39m[32m200[39m [90m1159 ms - 139[39m
[35m[HTTP][39m [90m[39m
[35m[HTTP][39m [37m-->[39m [37mGET[39m [37m/wd/hub/session/f2938ef6-8720-4efc-9819-c02c8730bfe9/window/rect[39m
[35m[HTTP][39m [90m{}[39m
[35m[HTTP][39m [37m<-- GET /wd/hub/session/f2938ef6-8720-4efc-9819-c02c8730bfe9/window/rect [39m[32m200[39m [90m18 ms - 50[39m
[35m[HTTP][39m [90m[39m
[35m[HTTP][39m [37m-->[39m [37mPOST[39m [37m/wd/hub/session/f2938ef6-8720-4efc-9819-c02c8730bfe9/elements[39m
[35m[HTTP][39m [90m{"using":"xpath","value":"//*[@class = 'android.widget.TextView' and (@text = 'SHOP' or . = 'SHOP')]"}[39m
[35m[HTTP][39m [37m<-- POST /wd/hub/session/f2938ef6-8720-4efc-9819-c02c8730bfe9/elements [39m[32m200[39m [90m387 ms - 139[39m
[35m[HTTP][39m [90m[39m
[35m[HTTP][39m [37m-->[39m [37mGET[39m [37m/wd/hub/session/f2938ef6-8720-4efc-9819-c02c8730bfe9/element/00000000-0000-00ae-ffff-ffff0000001a/location[39m
[35m[HTTP][39m [90m{}[39m
[35m[W3C (f2938ef6)][39m Driver proxy active, passing request on via HTTP proxy
[35m[WD Proxy][39m Replacing sessionId b078df5b-cff7-4c24-9b7b-a585b2f9cfa5 with f2938ef6-8720-4efc-9819-c02c8730bfe9
[35m[HTTP][39m [37m<-- GET /wd/hub/session/f2938ef6-8720-4efc-9819-c02c8730bfe9/element/00000000-0000-00ae-ffff-ffff0000001a/location [39m[32m200[39m [90m15 ms - 78[39m
[35m[HTTP][39m [90m[39m
[35m[HTTP][39m [37m-->[39m [37mPOST[39m [37m/wd/hub/session/f2938ef6-8720-4efc-9819-c02c8730bfe9/touch/perform[39m
[35m[HTTP][39m [90m{"actions":[{"action":"tap","options":{"x":1,"y":1,"element":"00000000-0000-00ae-ffff-ffff0000001a"}}]}[39m
[35m[UiAutomator2][39m calling get location: 00000000-0000-00ae-ffff-ffff0000001a
[35m[HTTP][39m [37m<-- POST /wd/hub/session/f2938ef6-8720-4efc-9819-c02c8730bfe9/touch/perform [39m[32m200[39m [90m186 ms - 14[39m
[35m[HTTP][39m [90m[39m
[35m[HTTP][39m [37m-->[39m [37mGET[39m [37m/wd/hub/session/f2938ef6-8720-4efc-9819-c02c8730bfe9/source[39m
[35m[HTTP][39m [90m{}[39m
[35m[W3C (f2938ef6)][39m Driver proxy active, passing request on via HTTP proxy
[35m[WD Proxy][39m Replacing sessionId b078df5b-cff7-4c24-9b7b-a585b2f9cfa5 with f2938ef6-8720-4efc-9819-c02c8730bfe9
[35m[HTTP][39m [37m<-- GET /wd/hub/session/f2938ef6-8720-4efc-9819-c02c8730bfe9/source [39m[32m200[39m [90m1222 ms - 21788[39m
[35m[HTTP][39m [90m[39m
[35m[HTTP][39m [37m-->[39m [37mGET[39m [37m/wd/hub/session/f2938ef6-8720-4efc-9819-c02c8730bfe9/screenshot[39m
[35m[HTTP][39m [90m{}[39m
[35m[HTTP][39m [37m<-- GET /wd/hub/session/f2938ef6-8720-4efc-9819-c02c8730bfe9/screenshot [39m[32m200[39m [90m515 ms - 284688[39m
[35m[HTTP][39m [90m[39m
[35m[HTTP][39m [37m-->[39m [37mDELETE[39m [37m/wd/hub/session/f2938ef6-8720-4efc-9819-c02c8730bfe9[39m
[35m[HTTP][39m [90m{}[39m
[35m[Appium][39m Removing session f2938ef6-8720-4efc-9819-c02c8730bfe9 from our master session list
[35m[UiAutomator2][39m Restoring hidden api policy to the device default configuration
[35m[HTTP][39m [37m<-- DELETE /wd/hub/session/f2938ef6-8720-4efc-9819-c02c8730bfe9 [39m[32m200[39m [90m780 ms - 14[39m
[35m[HTTP][39m [90m[39m
